[debug] ----------------------------------------------------------------------
[debug] Command:      C:\Program Files\nodejs\node.exe C:\Users\kanbi\AppData\Roaming\npm\node_modules\firebase-tools\bin\firebase serve
[debug] CLI Version:  3.7.0
[debug] Platform:     win32
[debug] Node Version: v6.10.0
[debug] Time:         Wed May 10 2017 12:49:25 GMT+0200 (W. Europe Summer Time)
[debug] ----------------------------------------------------------------------
[debug] 
[debug] > command requires scopes: ["email","openid","https://www.googleapis.com/auth/cloudplatformprojects.readonly","https://www.googleapis.com/auth/firebase","https://www.googleapis.com/auth/cloud-platform"]
[debug] >>> HTTP REQUEST GET https://admin.firebase.com/v1/projects/schoolweb-35754  
 Wed May 10 2017 12:49:25 GMT+0200 (W. Europe Summer Time)
[debug] <<< HTTP RESPONSE 200
[debug] >>> HTTP REQUEST GET https://admin.firebase.com/v1/database/schoolweb-35754/tokens  
 Wed May 10 2017 12:49:26 GMT+0200 (W. Europe Summer Time)
[debug] <<< HTTP RESPONSE 200
[info] Starting Firebase development server...
[info] 
[info] Project Directory: C:\G4project\Grupp4Projekt-master\Grupp_4_Firebase_Angular
[debug] >>> HTTP REQUEST GET https://cloudresourcemanager.googleapis.com/v1/projects/schoolweb-35754  
 Wed May 10 2017 12:49:27 GMT+0200 (W. Europe Summer Time)
[debug] <<< HTTP RESPONSE 200
[debug] >>> HTTP REQUEST GET https://mobilesdk-pa.googleapis.com/v1/projects/387758932838/clients/_:getWebAppConfig  
 Wed May 10 2017 12:49:28 GMT+0200 (W. Europe Summer Time)
[debug] <<< HTTP RESPONSE 200
[info] Public Directory: public
[info] 
[info] Server listening at: http://localhost:5000
[debug] ----------------------------------------------------------------------
[debug] Command:      C:\Program Files\nodejs\node.exe C:\Users\kanbi\AppData\Roaming\npm\node_modules\firebase-tools\bin\firebase serve
[debug] CLI Version:  3.7.0
[debug] Platform:     win32
[debug] Node Version: v6.10.0
[debug] Time:         Wed May 10 2017 15:32:21 GMT+0200 (W. Europe Summer Time)
[debug] ----------------------------------------------------------------------
[debug] 
[debug] > command requires scopes: ["email","openid","https://www.googleapis.com/auth/cloudplatformprojects.readonly","https://www.googleapis.com/auth/firebase","https://www.googleapis.com/auth/cloud-platform"]
[debug] > refreshing access token with scopes: ["email","https://www.googleapis.com/auth/cloud-platform","https://www.googleapis.com/auth/cloudplatformprojects.readonly","https://www.googleapis.com/auth/firebase","openid"]
[debug] >>> HTTP REQUEST POST https://www.googleapis.com/oauth2/v3/token { refresh_token: '1/ERPoZmfm--VlLsL7Pv7SK05JhV3AM5upJxCRfXGUtcw',
  client_id: '563584335869-fgrhgmd47bqnekij5i8b5pr03ho849e6.apps.googleusercontent.com',
  client_secret: 'j9iVZfS8kkCEFUPaAeJV0sAi',
  grant_type: 'refresh_token',
  scope: 'email https://www.googleapis.com/auth/cloud-platform https://www.googleapis.com/auth/cloudplatformprojects.readonly https://www.googleapis.com/auth/firebase openid' } 
 Wed May 10 2017 15:32:21 GMT+0200 (W. Europe Summer Time)
[debug] <<< HTTP RESPONSE 200
[debug] >>> HTTP REQUEST GET https://admin.firebase.com/v1/projects/schoolweb-35754  
 Wed May 10 2017 15:32:22 GMT+0200 (W. Europe Summer Time)
[debug] <<< HTTP RESPONSE 200
[debug] >>> HTTP REQUEST GET https://admin.firebase.com/v1/database/schoolweb-35754/tokens  
 Wed May 10 2017 15:32:23 GMT+0200 (W. Europe Summer Time)
[debug] <<< HTTP RESPONSE 200
[info] Starting Firebase development server...
[info] 
[info] Project Directory: C:\G4project\AngularFire
[debug] >>> HTTP REQUEST GET https://cloudresourcemanager.googleapis.com/v1/projects/schoolweb-35754  
 Wed May 10 2017 15:32:23 GMT+0200 (W. Europe Summer Time)
[debug] <<< HTTP RESPONSE 200
[debug] >>> HTTP REQUEST GET https://mobilesdk-pa.googleapis.com/v1/projects/387758932838/clients/_:getWebAppConfig  
 Wed May 10 2017 15:32:24 GMT+0200 (W. Europe Summer Time)
[debug] <<< HTTP RESPONSE 200
[info] Public Directory: public
[info] 
[info] Server listening at: http://localhost:5000
[debug] ----------------------------------------------------------------------
[debug] Command:      C:\Program Files\nodejs\node.exe C:\Users\kanbi\AppData\Roaming\npm\node_modules\firebase-tools\bin\firebase serve
[debug] CLI Version:  3.7.0
[debug] Platform:     win32
[debug] Node Version: v6.10.0
[debug] Time:         Wed May 10 2017 15:36:44 GMT+0200 (W. Europe Summer Time)
[debug] ----------------------------------------------------------------------
[debug] 
[debug] > command requires scopes: ["email","openid","https://www.googleapis.com/auth/cloudplatformprojects.readonly","https://www.googleapis.com/auth/firebase","https://www.googleapis.com/auth/cloud-platform"]
[debug] >>> HTTP REQUEST GET https://admin.firebase.com/v1/projects/schoolweb-35754  
 Wed May 10 2017 15:36:44 GMT+0200 (W. Europe Summer Time)
[debug] <<< HTTP RESPONSE 200
[debug] >>> HTTP REQUEST GET https://admin.firebase.com/v1/database/schoolweb-35754/tokens  
 Wed May 10 2017 15:36:45 GMT+0200 (W. Europe Summer Time)
[debug] <<< HTTP RESPONSE 200
[info] Starting Firebase development server...
[info] 
[info] Project Directory: C:\G4project\AngularFire
[debug] >>> HTTP REQUEST GET https://cloudresourcemanager.googleapis.com/v1/projects/schoolweb-35754  
 Wed May 10 2017 15:36:46 GMT+0200 (W. Europe Summer Time)
[debug] <<< HTTP RESPONSE 200
[debug] >>> HTTP REQUEST GET https://mobilesdk-pa.googleapis.com/v1/projects/387758932838/clients/_:getWebAppConfig  
 Wed May 10 2017 15:36:47 GMT+0200 (W. Europe Summer Time)
[debug] <<< HTTP RESPONSE 200
[info] Public Directory: public
[info] 
[info] Server listening at: http://localhost:5000
[debug] ----------------------------------------------------------------------
[debug] Command:      C:\Program Files\nodejs\node.exe C:\Users\kanbi\AppData\Roaming\npm\node_modules\firebase-tools\bin\firebase serve
[debug] CLI Version:  3.7.0
[debug] Platform:     win32
[debug] Node Version: v6.10.0
[debug] Time:         Wed May 10 2017 15:39:10 GMT+0200 (W. Europe Summer Time)
[debug] ----------------------------------------------------------------------
[debug] 
[debug] > command requires scopes: ["email","openid","https://www.googleapis.com/auth/cloudplatformprojects.readonly","https://www.googleapis.com/auth/firebase","https://www.googleapis.com/auth/cloud-platform"]
[debug] >>> HTTP REQUEST GET https://admin.firebase.com/v1/projects/schoolweb-35754  
 Wed May 10 2017 15:39:10 GMT+0200 (W. Europe Summer Time)
[debug] <<< HTTP RESPONSE 200
[debug] >>> HTTP REQUEST GET https://admin.firebase.com/v1/database/schoolweb-35754/tokens  
 Wed May 10 2017 15:39:11 GMT+0200 (W. Europe Summer Time)
[debug] <<< HTTP RESPONSE 200
[info] Starting Firebase development server...
[info] 
[info] Project Directory: C:\G4project\AngularFire
[debug] >>> HTTP REQUEST GET https://cloudresourcemanager.googleapis.com/v1/projects/schoolweb-35754  
 Wed May 10 2017 15:39:12 GMT+0200 (W. Europe Summer Time)
[debug] <<< HTTP RESPONSE 200
[debug] >>> HTTP REQUEST GET https://mobilesdk-pa.googleapis.com/v1/projects/387758932838/clients/_:getWebAppConfig  
 Wed May 10 2017 15:39:13 GMT+0200 (W. Europe Summer Time)
[debug] <<< HTTP RESPONSE 200
[info] Public Directory: public
[info] 
[info] Server listening at: http://localhost:5000
[debug] ----------------------------------------------------------------------
[debug] Command:      C:\Program Files\nodejs\node.exe C:\Users\kanbi\AppData\Roaming\npm\node_modules\firebase-tools\bin\firebase serve
[debug] CLI Version:  3.7.0
[debug] Platform:     win32
[debug] Node Version: v6.10.0
[debug] Time:         Wed May 10 2017 22:44:38 GMT+0200 (W. Europe Summer Time)
[debug] ----------------------------------------------------------------------
[debug] 
[debug] > command requires scopes: ["email","openid","https://www.googleapis.com/auth/cloudplatformprojects.readonly","https://www.googleapis.com/auth/firebase","https://www.googleapis.com/auth/cloud-platform"]
[debug] >>> HTTP REQUEST GET https://admin.firebase.com/v1/projects/schoolweb-35754  
 Wed May 10 2017 22:44:38 GMT+0200 (W. Europe Summer Time)
[debug] <<< HTTP RESPONSE 200
[debug] >>> HTTP REQUEST GET https://admin.firebase.com/v1/database/schoolweb-35754/tokens  
 Wed May 10 2017 22:44:39 GMT+0200 (W. Europe Summer Time)
[debug] <<< HTTP RESPONSE 200
[info] Starting Firebase development server...
[info] 
[info] Project Directory: C:\G4project\AngularFire
[debug] >>> HTTP REQUEST GET https://cloudresourcemanager.googleapis.com/v1/projects/schoolweb-35754  
 Wed May 10 2017 22:44:40 GMT+0200 (W. Europe Summer Time)
[debug] <<< HTTP RESPONSE 200
[debug] >>> HTTP REQUEST GET https://mobilesdk-pa.googleapis.com/v1/projects/387758932838/clients/_:getWebAppConfig  
 Wed May 10 2017 22:44:41 GMT+0200 (W. Europe Summer Time)
[debug] <<< HTTP RESPONSE 200
[info] Public Directory: public
[info] 
[info] Server listening at: http://localhost:5000
[debug] ----------------------------------------------------------------------
[debug] Command:      C:\Program Files\nodejs\node.exe C:\Users\kanbi\AppData\Roaming\npm\node_modules\firebase-tools\bin\firebase serve
[debug] CLI Version:  3.7.0
[debug] Platform:     win32
[debug] Node Version: v6.10.0
[debug] Time:         Thu May 11 2017 09:19:23 GMT+0200 (W. Europe Summer Time)
[debug] ----------------------------------------------------------------------
[debug] 
[debug] > command requires scopes: ["email","openid","https://www.googleapis.com/auth/cloudplatformprojects.readonly","https://www.googleapis.com/auth/firebase","https://www.googleapis.com/auth/cloud-platform"]
[debug] > refreshing access token with scopes: ["email","https://www.googleapis.com/auth/cloud-platform","https://www.googleapis.com/auth/cloudplatformprojects.readonly","https://www.googleapis.com/auth/firebase","openid"]
[debug] >>> HTTP REQUEST POST https://www.googleapis.com/oauth2/v3/token { refresh_token: '1/ERPoZmfm--VlLsL7Pv7SK05JhV3AM5upJxCRfXGUtcw',
  client_id: '563584335869-fgrhgmd47bqnekij5i8b5pr03ho849e6.apps.googleusercontent.com',
  client_secret: 'j9iVZfS8kkCEFUPaAeJV0sAi',
  grant_type: 'refresh_token',
  scope: 'email https://www.googleapis.com/auth/cloud-platform https://www.googleapis.com/auth/cloudplatformprojects.readonly https://www.googleapis.com/auth/firebase openid' } 
 Thu May 11 2017 09:19:23 GMT+0200 (W. Europe Summer Time)
[debug] <<< HTTP RESPONSE 200
[debug] >>> HTTP REQUEST GET https://admin.firebase.com/v1/projects/schoolweb-35754  
 Thu May 11 2017 09:19:27 GMT+0200 (W. Europe Summer Time)
[debug] <<< HTTP RESPONSE 200
[debug] >>> HTTP REQUEST GET https://admin.firebase.com/v1/database/schoolweb-35754/tokens  
 Thu May 11 2017 09:19:29 GMT+0200 (W. Europe Summer Time)
[debug] <<< HTTP RESPONSE 200
[info] Starting Firebase development server...
[info] 
[info] Project Directory: C:\G4project\AngularFire
[debug] >>> HTTP REQUEST GET https://cloudresourcemanager.googleapis.com/v1/projects/schoolweb-35754  
 Thu May 11 2017 09:19:35 GMT+0200 (W. Europe Summer Time)
[debug] <<< HTTP RESPONSE 200
[debug] >>> HTTP REQUEST GET https://mobilesdk-pa.googleapis.com/v1/projects/387758932838/clients/_:getWebAppConfig  
 Thu May 11 2017 09:19:38 GMT+0200 (W. Europe Summer Time)
[debug] <<< HTTP RESPONSE 200
[info] Public Directory: public
[info] 
[info] Server listening at: http://localhost:5000
[debug] ----------------------------------------------------------------------
[debug] Command:      C:\Program Files\nodejs\node.exe C:\Users\kanbi\AppData\Roaming\npm\node_modules\firebase-tools\bin\firebase serve
[debug] CLI Version:  3.7.0
[debug] Platform:     win32
[debug] Node Version: v6.10.0
[debug] Time:         Thu May 11 2017 11:32:53 GMT+0200 (W. Europe Summer Time)
[debug] ----------------------------------------------------------------------
[debug] 
[debug] > command requires scopes: ["email","openid","https://www.googleapis.com/auth/cloudplatformprojects.readonly","https://www.googleapis.com/auth/firebase","https://www.googleapis.com/auth/cloud-platform"]
[debug] > refreshing access token with scopes: ["email","https://www.googleapis.com/auth/cloud-platform","https://www.googleapis.com/auth/cloudplatformprojects.readonly","https://www.googleapis.com/auth/firebase","openid"]
[debug] >>> HTTP REQUEST POST https://www.googleapis.com/oauth2/v3/token { refresh_token: '1/ERPoZmfm--VlLsL7Pv7SK05JhV3AM5upJxCRfXGUtcw',
  client_id: '563584335869-fgrhgmd47bqnekij5i8b5pr03ho849e6.apps.googleusercontent.com',
  client_secret: 'j9iVZfS8kkCEFUPaAeJV0sAi',
  grant_type: 'refresh_token',
  scope: 'email https://www.googleapis.com/auth/cloud-platform https://www.googleapis.com/auth/cloudplatformprojects.readonly https://www.googleapis.com/auth/firebase openid' } 
 Thu May 11 2017 11:32:53 GMT+0200 (W. Europe Summer Time)
[debug] <<< HTTP RESPONSE 200
[debug] >>> HTTP REQUEST GET https://admin.firebase.com/v1/projects/schoolweb-35754  
 Thu May 11 2017 11:32:53 GMT+0200 (W. Europe Summer Time)
[debug] <<< HTTP RESPONSE 200
[debug] >>> HTTP REQUEST GET https://admin.firebase.com/v1/database/schoolweb-35754/tokens  
 Thu May 11 2017 11:32:54 GMT+0200 (W. Europe Summer Time)
[debug] <<< HTTP RESPONSE 200
[info] Starting Firebase development server...
[info] 
[info] Project Directory: C:\G4project\AngularFire
[debug] >>> HTTP REQUEST GET https://cloudresourcemanager.googleapis.com/v1/projects/schoolweb-35754  
 Thu May 11 2017 11:32:55 GMT+0200 (W. Europe Summer Time)
[debug] <<< HTTP RESPONSE 200
[debug] >>> HTTP REQUEST GET https://mobilesdk-pa.googleapis.com/v1/projects/387758932838/clients/_:getWebAppConfig  
 Thu May 11 2017 11:32:56 GMT+0200 (W. Europe Summer Time)
[debug] <<< HTTP RESPONSE 200
[info] Public Directory: public
[info] 
[info] Server listening at: http://localhost:5000
[debug] ----------------------------------------------------------------------
[debug] Command:      C:\Program Files\nodejs\node.exe C:\Users\kanbi\AppData\Roaming\npm\node_modules\firebase-tools\bin\firebase serve
[debug] CLI Version:  3.7.0
[debug] Platform:     win32
[debug] Node Version: v6.10.0
[debug] Time:         Thu May 11 2017 11:44:47 GMT+0200 (W. Europe Summer Time)
[debug] ----------------------------------------------------------------------
[debug] 
[debug] > command requires scopes: ["email","openid","https://www.googleapis.com/auth/cloudplatformprojects.readonly","https://www.googleapis.com/auth/firebase","https://www.googleapis.com/auth/cloud-platform"]
[debug] >>> HTTP REQUEST GET https://admin.firebase.com/v1/projects/schoolweb-35754  
 Thu May 11 2017 11:44:47 GMT+0200 (W. Europe Summer Time)
[debug] <<< HTTP RESPONSE 200
[debug] >>> HTTP REQUEST GET https://admin.firebase.com/v1/database/schoolweb-35754/tokens  
 Thu May 11 2017 11:44:48 GMT+0200 (W. Europe Summer Time)
[debug] <<< HTTP RESPONSE 200
[info] Starting Firebase development server...
[info] 
[info] Project Directory: C:\G4project\AngularFire
[debug] >>> HTTP REQUEST GET https://cloudresourcemanager.googleapis.com/v1/projects/schoolweb-35754  
 Thu May 11 2017 11:44:49 GMT+0200 (W. Europe Summer Time)
[debug] <<< HTTP RESPONSE 200
[debug] >>> HTTP REQUEST GET https://mobilesdk-pa.googleapis.com/v1/projects/387758932838/clients/_:getWebAppConfig  
 Thu May 11 2017 11:44:50 GMT+0200 (W. Europe Summer Time)
[debug] <<< HTTP RESPONSE 200
[info] Public Directory: public
[info] 
[info] Server listening at: http://localhost:5000
