[debug] ----------------------------------------------------------------------
[debug] Command:      C:\Program Files\nodejs\node.exe C:\Users\kanbi\AppData\Roaming\npm\node_modules\firebase-tools\bin\firebase serve
[debug] CLI Version:  3.7.0
[debug] Platform:     win32
[debug] Node Version: v6.10.0
[debug] Time:         Wed May 10 2017 15:35:23 GMT+0200 (W. Europe Summer Time)
[debug] ----------------------------------------------------------------------
[debug] 
[debug] > command requires scopes: ["email","openid","https://www.googleapis.com/auth/cloudplatformprojects.readonly","https://www.googleapis.com/auth/firebase","https://www.googleapis.com/auth/cloud-platform"]
[debug] >>> HTTP REQUEST GET https://admin.firebase.com/v1/projects/schoolweb-35754  
 Wed May 10 2017 15:35:23 GMT+0200 (W. Europe Summer Time)
[debug] <<< HTTP RESPONSE 200
[debug] >>> HTTP REQUEST GET https://admin.firebase.com/v1/database/schoolweb-35754/tokens  
 Wed May 10 2017 15:35:24 GMT+0200 (W. Europe Summer Time)
[debug] <<< HTTP RESPONSE 200
[info] Starting Firebase development server...
[info] 
[info] Project Directory: C:\G4project\AngularFire
[debug] >>> HTTP REQUEST GET https://cloudresourcemanager.googleapis.com/v1/projects/schoolweb-35754  
 Wed May 10 2017 15:35:25 GMT+0200 (W. Europe Summer Time)
[debug] <<< HTTP RESPONSE 200
[debug] >>> HTTP REQUEST GET https://mobilesdk-pa.googleapis.com/v1/projects/387758932838/clients/_:getWebAppConfig  
 Wed May 10 2017 15:35:25 GMT+0200 (W. Europe Summer Time)
[debug] <<< HTTP RESPONSE 200
[info] Public Directory: public
[info] 
[info] Server listening at: http://localhost:5000
[debug] ----------------------------------------------------------------------
[debug] Command:      C:\Program Files\nodejs\node.exe C:\Users\kanbi\AppData\Roaming\npm\node_modules\firebase-tools\bin\firebase serve
[debug] CLI Version:  3.7.0
[debug] Platform:     win32
[debug] Node Version: v6.10.0
[debug] Time:         Wed May 10 2017 21:45:32 GMT+0200 (W. Europe Summer Time)
[debug] ----------------------------------------------------------------------
[debug] 
[debug] > command requires scopes: ["email","openid","https://www.googleapis.com/auth/cloudplatformprojects.readonly","https://www.googleapis.com/auth/firebase","https://www.googleapis.com/auth/cloud-platform"]
[debug] > refreshing access token with scopes: ["email","https://www.googleapis.com/auth/cloud-platform","https://www.googleapis.com/auth/cloudplatformprojects.readonly","https://www.googleapis.com/auth/firebase","openid"]
[debug] >>> HTTP REQUEST POST https://www.googleapis.com/oauth2/v3/token { refresh_token: '1/ERPoZmfm--VlLsL7Pv7SK05JhV3AM5upJxCRfXGUtcw',
  client_id: '563584335869-fgrhgmd47bqnekij5i8b5pr03ho849e6.apps.googleusercontent.com',
  client_secret: 'j9iVZfS8kkCEFUPaAeJV0sAi',
  grant_type: 'refresh_token',
  scope: 'email https://www.googleapis.com/auth/cloud-platform https://www.googleapis.com/auth/cloudplatformprojects.readonly https://www.googleapis.com/auth/firebase openid' } 
 Wed May 10 2017 21:45:32 GMT+0200 (W. Europe Summer Time)
[debug] <<< HTTP RESPONSE 200
[debug] >>> HTTP REQUEST GET https://admin.firebase.com/v1/projects/schoolweb-35754  
 Wed May 10 2017 21:45:32 GMT+0200 (W. Europe Summer Time)
[debug] <<< HTTP RESPONSE 200
[debug] >>> HTTP REQUEST GET https://admin.firebase.com/v1/database/schoolweb-35754/tokens  
 Wed May 10 2017 21:45:33 GMT+0200 (W. Europe Summer Time)
[debug] <<< HTTP RESPONSE 200
[info] Starting Firebase development server...
[info] 
[info] Project Directory: C:\G4project\AngularFire
[debug] >>> HTTP REQUEST GET https://cloudresourcemanager.googleapis.com/v1/projects/schoolweb-35754  
 Wed May 10 2017 21:45:34 GMT+0200 (W. Europe Summer Time)
[debug] <<< HTTP RESPONSE 200
[debug] >>> HTTP REQUEST GET https://mobilesdk-pa.googleapis.com/v1/projects/387758932838/clients/_:getWebAppConfig  
 Wed May 10 2017 21:45:35 GMT+0200 (W. Europe Summer Time)
[debug] <<< HTTP RESPONSE 200
[info] Public Directory: public
[info] 
[info] Server listening at: http://localhost:5000
